CodeCheck2 on './434alloc' for user gcmoczy
Using '/tmp/gcmoczy-code-check-2' for temporary storage
Run on 03-17-25 at 14:47:10 on host linux2.engr.tamu.edu
Changing directory to '.'.

Testing 'cc1.i'
	k = 5	 correct in 30 cycles
	k = 7	 correct in 20 cycles

Testing 'cc2.i'
	k = 5	 correct in 87 cycles
	k = 7	 correct in 67 cycles

Testing 'cc3.i'
	k = 5	 correct in 85 cycles
	k = 7	 correct in 63 cycles

Testing 'cc4.i'
	k = 5	 correct in 6204 cycles
	k = 7	 correct in 5544 cycles

Testing 'cc5.i'
	k = 5	 correct in 248 cycles
	k = 7	 correct in 224 cycles

Removing /tmp/gcmoczy-code-check-2

Code Check 2 script exits normally.